2022-05-13 11:47:21,395 INFO Namespace(accum_steps=4, activation='elu', agg_type='sum', batch_size=1, bidirected=True, dataset='streamspot', dim_a=16, dropout=0.2, embed_dim=64, epochs=5, final_dropout=0.3, gnn='GATNE', homo=False, inter_dim=32, lr=0.001, model_name='streamspot_bi_sopool', num_workers=4, pool='sopool', sopool_type='bimap', timestamp=False, total_latent_dim=64, version='None', weight_decay=0.01)
2022-05-13 12:21:34,776 INFO 00: Acc: 1.0000 | Prec: 1.0000 | Recall: 1.0000 | F1: 1.0000 
2022-05-13 12:44:37,178 INFO Total training time... 3333.30s
-------------------------
Validation metrics:
Accuracies: [1.0]
Precisions: [1.0]
Recalls: [1.0]
F1s: [1.0]
-------------------------
Test metrics: CV-fold: 0
Accuracy: 1.0000
Precision: 1.0000
Recall: 1.0000
F1: 1.0000
-------------------------
-------------------------
2022-05-13 13:37:53,004 INFO 00: Acc: 1.0000 | Prec: 1.0000 | Recall: 1.0000 | F1: 1.0000 
2022-05-13 14:03:58,110 INFO Total training time... 4263.96s
-------------------------
Validation metrics:
Accuracies: [1.0]
Precisions: [1.0]
Recalls: [1.0]
F1s: [1.0]
-------------------------
Test metrics: CV-fold: 1
Accuracy: 1.0000
Precision: 1.0000
Recall: 1.0000
F1: 1.0000
-------------------------
-------------------------
2022-05-13 14:49:39,677 INFO 00: Acc: 1.0000 | Prec: 1.0000 | Recall: 1.0000 | F1: 1.0000 
2022-05-13 15:13:26,682 INFO Total training time... 3229.18s
-------------------------
Validation metrics:
Accuracies: [1.0]
Precisions: [1.0]
Recalls: [1.0]
F1s: [1.0]
-------------------------
Test metrics: CV-fold: 2
Accuracy: 1.0000
Precision: 1.0000
Recall: 1.0000
F1: 1.0000
-------------------------
-------------------------
2022-05-13 15:58:55,511 INFO 00: Acc: 0.8197 | Prec: 0.4465 | Recall: 1.0000 | F1: 0.6174 
2022-05-13 16:25:14,723 INFO Total training time... 3602.55s
-------------------------
Validation metrics:
Accuracies: [0.819672131147541]
Precisions: [0.44654088050314467]
Recalls: [1.0]
F1s: [0.6173913043478261]
-------------------------
Test metrics: CV-fold: 3
Accuracy: 1.0000
Precision: 1.0000
Recall: 1.0000
F1: 1.0000
-------------------------
-------------------------
2022-05-13 17:10:15,418 INFO 00: Acc: 1.0000 | Prec: 1.0000 | Recall: 1.0000 | F1: 1.0000 
2022-05-13 17:36:46,526 INFO Total training time... 3835.73s
-------------------------
Validation metrics:
Accuracies: [1.0]
Precisions: [1.0]
Recalls: [1.0]
F1s: [1.0]
-------------------------
Test metrics: CV-fold: 4
Accuracy: 1.0000
Precision: 1.0000
Recall: 1.0000
F1: 1.0000
-------------------------
-------------------------
-------------------------
Test Metrics: Mean and St Dev
Accuracy: 1.0000 0.0000
Precision: 1.0000 0.0000
Recall: 1.0000 0.0000
F1: 1.0000 0.0000