2022-05-26 10:52:53,550 INFO Namespace(accum_steps=4, activation='elu', agg_type='sum', batch_size=1, bidirected=True, dataset='wget', dim_a=16, dropout=0.2, embed_dim=64, epochs=5, final_dropout=0.3, gnn='GATNE', homo=False, inter_dim=32, lr=0.001, model_name='wget_sc1_sopool_att', num_workers=4, pool='sopool', sopool_type='attend', timestamp=False, total_latent_dim=64, version='sc1', weight_decay=0.01)
2022-05-26 10:57:25,245 INFO Namespace(accum_steps=4, activation='elu', agg_type='sum', batch_size=1, bidirected=True, dataset='wget', dim_a=16, dropout=0.2, embed_dim=64, epochs=5, final_dropout=0.3, gnn='GATNE', homo=False, inter_dim=32, lr=0.001, model_name='wget_sc1_sopool_att', num_workers=4, pool='sopool', sopool_type='attend', timestamp=False, total_latent_dim=64, version='sc1', weight_decay=0.01)
2022-05-26 11:35:37,275 INFO 00: Acc: 0.9130 | Prec: 1.0000 | Recall: 0.3750 | F1: 0.5455 
2022-05-26 12:30:34,920 INFO Total training time... 5508.55s
-------------------------
Validation metrics:
Accuracies: [0.9130434782608695]
Precisions: [1.0]
Recalls: [0.375]
F1s: [0.5454545454545454]
-------------------------
Test metrics: CV-fold: 0
Accuracy: 0.9714
Precision: 1.0000
Recall: 0.8889
F1: 0.9412
-------------------------
-------------------------
2022-05-26 13:16:11,590 INFO 00: Acc: 0.8943 | Prec: 1.0000 | Recall: 0.4091 | F1: 0.5806 
2022-05-26 14:09:39,760 INFO Total training time... 5501.92s
-------------------------
Validation metrics:
Accuracies: [0.8943089430894309]
Precisions: [1.0]
Recalls: [0.4090909090909091]
F1s: [0.5806451612903226]
-------------------------
Test metrics: CV-fold: 1
Accuracy: 0.9630
Precision: 1.0000
Recall: 0.6667
F1: 0.8000
-------------------------
-------------------------
2022-05-26 14:55:23,967 INFO 00: Acc: 0.9091 | Prec: 1.0000 | Recall: 0.4762 | F1: 0.6452 
2022-05-26 15:52:53,306 INFO Total training time... 5765.36s
-------------------------
Validation metrics:
Accuracies: [0.9090909090909091]
Precisions: [1.0]
Recalls: [0.47619047619047616]
F1s: [0.6451612903225806]
-------------------------
Test metrics: CV-fold: 2
Accuracy: 1.0000
Precision: 1.0000
Recall: 1.0000
F1: 1.0000
-------------------------
-------------------------
2022-05-26 16:36:46,848 INFO 00: Acc: 0.8879 | Prec: 1.0000 | Recall: 0.3500 | F1: 0.5185 
2022-05-26 17:31:31,862 INFO Total training time... 5486.62s
-------------------------
Validation metrics:
Accuracies: [0.8879310344827587]
Precisions: [1.0]
Recalls: [0.35]
F1s: [0.5185185185185185]
-------------------------
Test metrics: CV-fold: 3
Accuracy: 1.0000
Precision: 1.0000
Recall: 1.0000
F1: 1.0000
-------------------------
-------------------------
2022-05-26 18:21:24,109 INFO 00: Acc: 0.9520 | Prec: 1.0000 | Recall: 0.7143 | F1: 0.8333 
2022-05-26 19:21:02,974 INFO Total training time... 6038.73s
-------------------------
Validation metrics:
Accuracies: [0.952]
Precisions: [1.0]
Recalls: [0.7142857142857143]
F1s: [0.8333333333333333]
-------------------------
Test metrics: CV-fold: 4
Accuracy: 0.8800
Precision: 1.0000
Recall: 0.2500
F1: 0.4000
-------------------------
-------------------------
-------------------------
Test Metrics: Mean and St Dev
Accuracy: 0.9629 0.0440
Precision: 1.0000 0.0000
Recall: 0.7611 0.2831
F1: 0.8282 0.2262