2022-05-09 17:09:00,767 INFO Namespace(accum_steps=4, activation='elu', agg_type='sum', batch_size=1, bidirected=True, dataset='wget', dim_a=16, dropout=0.2, embed_dim=64, epochs=5, final_dropout=0.3, gnn='GATNE', homo=False, inter_dim=32, lr=0.001, model_name='wget_sc1_timestamp_sopool_bi_partialsum', num_workers=4, pool='sopool', sopool_type='bimap', timestamp=True, total_latent_dim=64, version='sc1', weight_decay=0.01)
2022-05-09 18:06:24,315 INFO 00: Acc: 0.9067 | Prec: 1.0000 | Recall: 0.4400 | F1: 0.6111 
2022-05-09 19:15:03,525 INFO Total training time... 7550.01s
-------------------------
Validation metrics:
Accuracies: [0.9066666666666666]
Precisions: [1.0]
Recalls: [0.44]
F1s: [0.6111111111111112]
-------------------------
Test metrics: CV-fold: 0
Accuracy: 1.0000
Precision: 1.0000
Recall: 1.0000
F1: 1.0000
-------------------------
-------------------------
2022-05-09 20:10:56,680 INFO 00: Acc: 0.8783 | Prec: 1.0000 | Recall: 0.1250 | F1: 0.2222 
2022-05-09 21:05:18,031 INFO Total training time... 6142.69s
-------------------------
Validation metrics:
Accuracies: [0.8782608695652174]
Precisions: [1.0]
Recalls: [0.125]
F1s: [0.2222222222222222]
-------------------------
Test metrics: CV-fold: 1
Accuracy: 1.0000
Precision: 1.0000
Recall: 1.0000
F1: 1.0000
-------------------------
-------------------------
2022-05-09 22:00:34,134 INFO 00: Acc: 0.9593 | Prec: 1.0000 | Recall: 0.7727 | F1: 0.8718 
2022-05-09 22:53:02,130 INFO Total training time... 5967.30s
-------------------------
Validation metrics:
Accuracies: [0.959349593495935]
Precisions: [1.0]
Recalls: [0.7727272727272727]
F1s: [0.8717948717948718]
-------------------------
Test metrics: CV-fold: 2
Accuracy: 1.0000
Precision: 1.0000
Recall: 1.0000
F1: 1.0000
-------------------------
-------------------------
2022-05-09 23:43:24,681 INFO 00: Acc: 0.9091 | Prec: 1.0000 | Recall: 0.4762 | F1: 0.6452 
2022-05-10 00:39:55,172 INFO Total training time... 5897.86s
-------------------------
Validation metrics:
Accuracies: [0.9090909090909091]
Precisions: [1.0]
Recalls: [0.47619047619047616]
F1s: [0.6451612903225806]
-------------------------
Test metrics: CV-fold: 3
Accuracy: 1.0000
Precision: 1.0000
Recall: 1.0000
F1: 1.0000
-------------------------
-------------------------
2022-05-10 01:29:56,984 INFO 00: Acc: 0.8621 | Prec: 1.0000 | Recall: 0.2000 | F1: 0.3333 
2022-05-10 02:23:49,222 INFO Total training time... 5749.07s
-------------------------
Validation metrics:
Accuracies: [0.8620689655172413]
Precisions: [1.0]
Recalls: [0.2]
F1s: [0.33333333333333337]
-------------------------
Test metrics: CV-fold: 4
Accuracy: 1.0000
Precision: 1.0000
Recall: 1.0000
F1: 1.0000
-------------------------
-------------------------
-------------------------
Test Metrics: Mean and St Dev
Accuracy: 1.0000 0.0000
Precision: 1.0000 0.0000
Recall: 1.0000 0.0000
F1: 1.0000 0.0000